  game.cpp
C:\Users\jawor\source\repos\SFML-project\gra sfml\game.cpp(466,59): warning C4838: konwersja z „T” do „int” wymaga konwersji zawężającej
          with
          [
              T=unsigned int
          ]
C:\Users\jawor\source\repos\SFML-project\gra sfml\game.cpp(466,94): warning C4838: konwersja z „T” do „int” wymaga konwersji zawężającej
          with
          [
              T=unsigned int
          ]
C:\Users\jawor\source\repos\SFML-project\gra sfml\game.cpp(466,129): warning C4838: konwersja z „T” do „int” wymaga konwersji zawężającej
          with
          [
              T=unsigned int
          ]
C:\Users\jawor\source\repos\SFML-project\gra sfml\game.cpp(470,72): warning C4244: "argument": konwersja z "int" do "float", możliwa utrata danych
C:\Users\jawor\source\repos\SFML-project\gra sfml\game.cpp(492,72): warning C4244: "argument": konwersja z "int" do "float", możliwa utrata danych
C:\Users\jawor\source\repos\SFML-project\gra sfml\game.cpp(829,67): warning C4244: "=": konwersja z "_Ty" do "int", możliwa utrata danych
          with
          [
              _Ty=float
          ]
C:\Users\jawor\source\repos\SFML-project\gra sfml\game.cpp(831,69): warning C4244: "=": konwersja z "_Ty" do "int", możliwa utrata danych
          with
          [
              _Ty=float
          ]
C:\Users\jawor\source\repos\SFML-project\gra sfml\game.cpp(833,70): warning C4244: "=": konwersja z "_Ty" do "int", możliwa utrata danych
          with
          [
              _Ty=float
          ]
C:\Users\jawor\source\repos\SFML-project\gra sfml\game.cpp(851,12): warning C4244: "argument": konwersja z "time_t" do "unsigned int", możliwa utrata danych
  Trwa generowanie kodu
  2 of 627 functions ( 0.3%) were compiled, the rest were copied from previous compilation.
    0 functions were new in current compilation
    1 functions had inline decision re-evaluated but remain unchanged
  Zakończono generowanie kodu
  gra sfml.vcxproj -> C:\Users\jawor\source\repos\SFML-project\x64\Release\gra sfml.exe
